<?xml version="1.0" encoding="UTF-8"?>
<!-- Generated by org.testng.reporters.JUnitReportReporter -->
<testsuite hostname="IBM-C5MNH24" failures="0" tests="1" name="testcase.tc1" time="0.009" errors="0" timestamp="2024-07-22T16:40:25 IST" skipped="0">
  <testcase classname="testcase.tc1" name="test1" time="0.009"/>
</testsuite> <!-- testcase.tc1 -->
